Arguments: 
  /Users/kelvin/.nvm/versions/node/v8.16.0/bin/node /usr/local/bin/yarn init -f

PATH: 
  /Users/kelvin/.rvm/gems/ruby-2.4.4/bin:/Users/kelvin/.rvm/gems/ruby-2.4.4@global/bin:/Users/kelvin/.rvm/rubies/ruby-2.4.4/bin:/Users/kelvin/.nvm/versions/node/v8.16.0/bin:/usr/local/bin:/usr/local/sbin:/usr/bin:/bin:/usr/sbin:/sbin:/usr/local/munki:/Users/kelvin/.rvm/bin:/Users/kelvin

Yarn version: 
  1.13.0

Node version: 
  8.16.0

Platform: 
  darwin x64

Trace: 
  Error: canceled
      at Interface.<anonymous> (/Users/kelvin/.config/yarn/global/node_modules/yarn/lib/cli.js:125657:13)
      at emitNone (events.js:106:13)
      at Interface.emit (events.js:208:7)
      at Interface._ttyWrite (readline.js:774:16)
      at ReadStream.onkeypress (readline.js:158:10)
      at emitTwo (events.js:126:13)
      at ReadStream.emit (events.js:214:7)
      at emitKeys (internal/readline.js:420:14)
      at emitKeys.next (<anonymous>)
      at ReadStream.onData (readline.js:1010:36)

npm manifest: 
  No manifest

yarn manifest: 
  No manifest

Lockfile: 
  No lockfile
